app/build/intermediates/proguard-rules/release/aapt_rules.txt
# view AndroidManifest.xml #generated:35
-keep class net.project104.civyshkrpncalc.MainActivity { <init>(...); }