app/build/outputs/mapping/release/seeds.txt
net.project104.civyshkrpncalc.MainActivity
net.project104.civyshkrpncalc.MainActivity: MainActivity()
net.project104.civyshkrpncalc.MainActivity$DeleteType: net.project104.civyshkrpncalc.MainActivity$DeleteType[] values()
net.project104.civyshkrpncalc.MainActivity$DeleteType: net.project104.civyshkrpncalc.MainActivity$DeleteType valueOf(java.lang.String)
net.project104.civyshkrpncalc.MainActivity$Operation: net.project104.civyshkrpncalc.MainActivity$Operation[] values()
net.project104.civyshkrpncalc.MainActivity$Operation: net.project104.civyshkrpncalc.MainActivity$Operation valueOf(java.lang.String)
net.project104.civyshkrpncalc.R$bool: int layout_uses_view_animator
net.project104.civyshkrpncalc.R$color: int activity_background_color
net.project104.civyshkrpncalc.R$color: int button_control_dark_color
net.project104.civyshkrpncalc.R$color: int button_control_enter_dark_color
net.project104.civyshkrpncalc.R$color: int button_control_enter_light_color
net.project104.civyshkrpncalc.R$color: int button_control_light_color
net.project104.civyshkrpncalc.R$color: int button_control_pop_dark_color
net.project104.civyshkrpncalc.R$color: int button_control_pop_light_color
net.project104.civyshkrpncalc.R$color: int button_digit_dark_color
net.project104.civyshkrpncalc.R$color: int button_digit_light_color
net.project104.civyshkrpncalc.R$color: int button_operation_dark_color
net.project104.civyshkrpncalc.R$color: int button_operation_light_color
net.project104.civyshkrpncalc.R$color: int button_page_dark_color
net.project104.civyshkrpncalc.R$color: int button_page_light_color
net.project104.civyshkrpncalc.R$color: int button_text_color
net.project104.civyshkrpncalc.R$color: int error_text_color
net.project104.civyshkrpncalc.R$dimen: int activity_horizontal_margin
net.project104.civyshkrpncalc.R$dimen: int activity_vertical_margin
net.project104.civyshkrpncalc.R$dimen: int angle_text_size
net.project104.civyshkrpncalc.R$dimen: int angle_view_width
net.project104.civyshkrpncalc.R$dimen: int button_digit_text_size
net.project104.civyshkrpncalc.R$dimen: int button_operation_padding
net.project104.civyshkrpncalc.R$dimen: int error_text_size
net.project104.civyshkrpncalc.R$dimen: int layout_digits_height
net.project104.civyshkrpncalc.R$dimen: int layout_numbers_height
net.project104.civyshkrpncalc.R$dimen: int layout_top_height
net.project104.civyshkrpncalc.R$dimen: int list_digits_text_size
net.project104.civyshkrpncalc.R$dimen: int list_numbers_text_size
net.project104.civyshkrpncalc.R$dimen: int number_view_horiz_margin
net.project104.civyshkrpncalc.R$dimen: int writing_view_margin
net.project104.civyshkrpncalc.R$dimen: int writing_view_padding
...
android.support.v4.app.FragmentTabHost: void setOnTabChangedListener(android.widget.TabHost$OnTabChangeListener)
android.support.v4.app.FragmentTabHost$SavedState: android.os.Parcelable$Creator CREATOR
android.support.v4.content.ModernAsyncTask$Status: android.support.v4.content.ModernAsyncTask$Status[] values()
android.support.v4.content.ModernAsyncTask$Status: android.support.v4.content.ModernAsyncTask$Status valueOf(java.lang.String)
android.support.v4.media.MediaDescriptionCompat: android.os.Parcelable$Creator CREATOR
android.support.v4.media.MediaMetadataCompat: android.os.Parcelable$Creator CREATOR
android.support.v4.media.RatingCompat: android.os.Parcelable$Creator CREATOR
android.support.v4.media.session.MediaSessionCompat$QueueItem: android.os.Parcelable$Creator CREATOR
android.support.v4.media.session.MediaSessionCompat$ResultReceiverWrapper: android.os.Parcelable$Creator CREATOR
android.support.v4.media.session.MediaSessionCompat$Token: android.os.Parcelable$Creator CREATOR
android.support.v4.media.session.ParcelableVolumeInfo: android.os.Parcelable$Creator CREATOR
android.support.v4.media.session.PlaybackStateCompat: android.os.Parcelable$Creator CREATOR
android.support.v4.media.session.PlaybackStateCompat$CustomAction: android.os.Parcelable$Creator CREATOR
android.support.v4.view.PagerTabStrip: void setTabIndicatorColor(int)
android.support.v4.view.PagerTabStrip: void setTabIndicatorColorResource(int)
android.support.v4.view.PagerTabStrip: int getTabIndicatorColor()
android.support.v4.view.PagerTabStrip: void setTextSpacing(int)
android.support.v4.view.PagerTabStrip: void setBackgroundDrawable(android.graphics.drawable.Drawable)
android.support.v4.view.PagerTabStrip: void setBackgroundColor(int)
android.support.v4.view.PagerTabStrip: void setBackgroundResource(int)
android.support.v4.view.PagerTabStrip: void setDrawFullUnderline(boolean)
android.support.v4.view.PagerTabStrip: boolean getDrawFullUnderline()
android.support.v4.view.PagerTabStrip: int getMinHeight()
android.support.v4.view.PagerTitleStrip: void setSingleLineAllCaps(android.widget.TextView)
android.support.v4.view.PagerTitleStrip: void setTextSpacing(int)
android.support.v4.view.PagerTitleStrip: int getTextSpacing()
android.support.v4.view.PagerTitleStrip: void setNonPrimaryAlpha(float)
android.support.v4.view.PagerTitleStrip: void setTextColor(int)
android.support.v4.view.PagerTitleStrip: void setGravity(int)
android.support.v4.view.PagerTitleStrip: int getMinHeight()
android.support.v4.view.ViewPager: void setScrollState(int)
android.support.v4.view.ViewPager: void setAdapter(android.support.v4.view.PagerAdapter)
android.support.v4.view.ViewPager: android.support.v4.view.PagerAdapter getAdapter()
android.support.v4.view.ViewPager: void setOnAdapterChangeListener(android.support.v4.view.ViewPager$OnAdapterChangeListener)
android.support.v4.view.ViewPager: int getClientWidth()
android.support.v4.view.ViewPager: void setCurrentItem(int)
android.support.v4.view.ViewPager: int getCurrentItem()
android.support.v4.view.ViewPager: void setOnPageChangeListener(android.support.v4.view.ViewPager$OnPageChangeListener)
android.support.v4.view.ViewPager: void setChildrenDrawingOrderEnabledCompat(boolean)
android.support.v4.view.ViewPager: int getOffscreenPageLimit()
android.support.v4.view.ViewPager: void setOffscreenPageLimit(int)
android.support.v4.view.ViewPager: void setPageMargin(int)
android.support.v4.view.ViewPager: int getPageMargin()
android.support.v4.view.ViewPager: void setPageMarginDrawable(android.graphics.drawable.Drawable)
android.support.v4.view.ViewPager: void setPageMarginDrawable(int)
android.support.v4.view.ViewPager: void setScrollingCacheEnabled(boolean)
android.support.v4.view.ViewPager$SavedState: android.os.Parcelable$Creator CREATOR