app/build/outputs/mapping/release/mapping.txt
net.project104.civyshkrpncalc.MainActivity -> net.project104.civyshkrpncalc.MainActivity:
    java.math.RoundingMode DEFAULT_ROUNDING -> a
    java.util.LinkedList mListNumbers -> b
    java.util.List mListDigits -> c
    int mPosDecimal -> d
    java.lang.String mAngleMode -> e
    boolean mUsingViewAnimator -> f
    int[] mDigitButtonsIds -> g
    net.project104.civyshkrpncalc.MainActivity$HistorySaver mHistorySaver -> h
    android.widget.ViewAnimator mSwitcherFunctions -> i
    android.widget.HorizontalScrollView mScrollNumbers -> j
    android.widget.HorizontalScrollView mScrollDigits -> k
    android.widget.HorizontalScrollView mScrollError -> l
    android.widget.LinearLayout mLayoutNumbers -> m
    android.widget.TextView mTvDigits -> n
    android.widget.TextView mTvError -> o
    android.widget.TextView mTvWritingDigits -> p
    android.widget.TextView mTvAngleMode -> q
    android.view.Menu mOptionsMenu -> r
    android.view.View$OnClickListener listenerDigitButtons -> s
    android.view.View$OnClickListener listenerOperations -> t
    void onCreate(android.os.Bundle) -> onCreate
    boolean onOptionsItemSelected(android.view.MenuItem) -> onOptionsItemSelected
    void onSaveInstanceState(android.os.Bundle) -> onSaveInstanceState
    void onRestoreInstanceState(android.os.Bundle) -> onRestoreInstanceState
    boolean onCreateOptionsMenu(android.view.Menu) -> onCreateOptionsMenu
    void touchedUndo() -> a
    void touchedRedo() -> b
net.project104.civyshkrpncalc.MainActivity$1 -> net.project104.civyshkrpncalc.a:
    net.project104.civyshkrpncalc.MainActivity this$0 -> a
    void onClick(android.view.View) -> onClick
net.project104.civyshkrpncalc.MainActivity$10 -> net.project104.civyshkrpncalc.b:
    net.project104.civyshkrpncalc.MainActivity this$0 -> a
    void onClick(android.view.View) -> onClick
net.project104.civyshkrpncalc.MainActivity$11 -> net.project104.civyshkrpncalc.c:
    net.project104.civyshkrpncalc.MainActivity this$0 -> a
    void onClick(android.view.View) -> onClick
net.project104.civyshkrpncalc.MainActivity$12 -> net.project104.civyshkrpncalc.d:
    net.project104.civyshkrpncalc.MainActivity this$0 -> a
    void onClick(android.view.View) -> onClick
net.project104.civyshkrpncalc.MainActivity$13 -> net.project104.civyshkrpncalc.e:
    int[] $SwitchMap$net$project104$civyshkrpncalc$MainActivity$DeleteType -> a
    int[] $SwitchMap$net$project104$civyshkrpncalc$MainActivity$Operation -> b
net.project104.civyshkrpncalc.MainActivity$2 -> net.project104.civyshkrpncalc.f:
    net.project104.civyshkrpncalc.MainActivity this$0 -> a
    void onClick(android.view.View) -> onClick
net.project104.civyshkrpncalc.MainActivity$3 -> net.project104.civyshkrpncalc.g:
    net.project104.civyshkrpncalc.MainActivity this$0 -> a
    void onClick(android.view.View) -> onClick
net.project104.civyshkrpncalc.MainActivity$4 -> net.project104.civyshkrpncalc.h:
    net.project104.civyshkrpncalc.MainActivity this$0 -> a
    void onClick(android.view.View) -> onClick
net.project104.civyshkrpncalc.MainActivity$5 -> net.project104.civyshkrpncalc.i:
    net.project104.civyshkrpncalc.MainActivity this$0 -> a
    void onClick(android.view.View) -> onClick
net.project104.civyshkrpncalc.MainActivity$6 -> net.project104.civyshkrpncalc.j:
    net.project104.civyshkrpncalc.MainActivity this$0 -> a
    void onClick(android.view.View) -> onClick
net.project104.civyshkrpncalc.MainActivity$7 -> net.project104.civyshkrpncalc.k:
    net.project104.civyshkrpncalc.MainActivity this$0 -> a
    void onClick(android.view.View) -> onClick
net.project104.civyshkrpncalc.MainActivity$8 -> net.project104.civyshkrpncalc.l:
    net.project104.civyshkrpncalc.MainActivity this$0 -> a
    void onClick(android.view.View) -> onClick
net.project104.civyshkrpncalc.MainActivity$9 -> net.project104.civyshkrpncalc.m:
    net.project104.civyshkrpncalc.MainActivity this$0 -> a
    void onClick(android.view.View) -> onClick