app/build/outputs/mapping/release/usage.txt
net.project104.civyshkrpncalc.BuildConfig
net.project104.civyshkrpncalc.MainActivity:
    static final double CONSTANT_PI
    static final double CONSTANT_E
    static final int DEFAULT_SCALE
net.project104.civyshkrpncalc.R
net.project104.civyshkrpncalc.R$attr
net.project104.civyshkrpncalc.R$bool
net.project104.civyshkrpncalc.R$color
net.project104.civyshkrpncalc.R$dimen
net.project104.civyshkrpncalc.R$drawable
net.project104.civyshkrpncalc.R$id
net.project104.civyshkrpncalc.R$layout
net.project104.civyshkrpncalc.R$menu
net.project104.civyshkrpncalc.R$mipmap
net.project104.civyshkrpncalc.R$string
net.project104.civyshkrpncalc.R$style
...
android.support.v4.app.FragmentManagerState
android.support.v4.app.FragmentManagerState$1
android.support.v4.app.FragmentPagerAdapter
android.support.v4.app.FragmentState
android.support.v4.app.FragmentState$1
android.support.v4.app.FragmentStatePagerAdapter
android.support.v4.app.FragmentTabHost
android.support.v4.app.FragmentTabHost$1
android.support.v4.app.FragmentTabHost$DummyTabFactory
android.support.v4.app.FragmentTabHost$SavedState
android.support.v4.app.FragmentTabHost$SavedState$1
android.support.v4.app.FragmentTabHost$TabInfo
android.support.v4.app.FragmentTransaction
android.support.v4.app.FragmentTransitionCompat21
android.support.v4.app.FragmentTransitionCompat21$1
android.support.v4.app.FragmentTransitionCompat21$2
android.support.v4.app.FragmentTransitionCompat21$3
android.support.v4.app.FragmentTransitionCompat21$4
android.support.v4.app.FragmentTransitionCompat21$EpicenterView
android.support.v4.app.FragmentTransitionCompat21$ViewRetriever
android.support.v4.app.INotificationSideChannel
android.support.v4.app.INotificationSideChannel$Stub
android.support.v4.app.INotificationSideChannel$Stub$Proxy
android.support.v4.app.ListFragment
android.support.v4.app.ListFragment$1
android.support.v4.app.ListFragment$2
android.support.v4.app.LoaderManager
android.support.v4.app.LoaderManager$LoaderCallbacks
android.support.v4.app.LoaderManagerImpl
android.support.v4.app.LoaderManagerImpl$LoaderInfo
android.support.v4.app.NavUtils
android.support.v4.app.NavUtils$NavUtilsImpl
android.support.v4.app.NavUtils$NavUtilsImplBase
android.support.v4.app.NavUtils$NavUtilsImplJB
android.support.v4.app.NavUtilsJB
android.support.v4.app.NoSaveStateFrameLayout
android.support.v4.app.NotificationBuilderWithActions
android.support.v4.app.NotificationBuilderWithBuilderAccessor
android.support.v4.app.NotificationCompat
android.support.v4.app.NotificationCompat$1
android.support.v4.app.NotificationCompat$Action
android.support.v4.app.NotificationCompat$Action$1
android.support.v4.app.NotificationCompat$Action$Builder
android.support.v4.app.NotificationCompat$Action$Extender
android.support.v4.app.NotificationCompat$Action$WearableExtender
android.support.v4.app.NotificationCompat$BigPictureStyle
android.support.v4.app.NotificationCompat$BigTextStyle
android.support.v4.app.NotificationCompat$Builder
android.support.v4.app.NotificationCompat$BuilderExtender
android.support.v4.app.NotificationCompat$CarExtender
android.support.v4.app.NotificationCompat$CarExtender$UnreadConversation
android.support.v4.app.NotificationCompat$CarExtender$UnreadConversation$1
android.support.v4.app.NotificationCompat$CarExtender$UnreadConversation$Builder
android.support.v4.app.NotificationCompat$Extender
android.support.v4.app.NotificationCompat$InboxStyle
android.support.v4.app.NotificationCompat$NotificationCompatImpl
android.support.v4.app.NotificationCompat$NotificationCompatImplApi20
android.support.v4.app.NotificationCompat$NotificationCompatImplApi21
android.support.v4.app.NotificationCompat$NotificationCompatImplBase
android.support.v4.app.NotificationCompat$NotificationCompatImplGingerbread
android.support.v4.app.NotificationCompat$NotificationCompatImplHoneycomb
android.support.v4.app.NotificationCompat$NotificationCompatImplIceCreamSandwich
android.support.v4.app.NotificationCompat$NotificationCompatImplJellybean
android.support.v4.app.NotificationCompat$NotificationCompatImplKitKat
android.support.v4.app.NotificationCompat$Style
android.support.v4.app.NotificationCompat$WearableExtender
android.support.v4.app.NotificationCompatApi20
android.support.v4.app.NotificationCompatApi20$Builder
android.support.v4.app.NotificationCompatApi21
android.support.v4.app.NotificationCompatApi21$Builder
android.support.v4.app.NotificationCompatBase
android.support.v4.app.NotificationCompatBase$Action
android.support.v4.app.NotificationCompatBase$Action$Factory
android.support.v4.app.NotificationCompatBase$UnreadConversation